<?xml version="1.0" encoding="UTF-8"?>
<!-- Generated by org.testng.reporters.JUnitXMLReporter -->
<testsuite ignored="0" hostname="DESKTOP-LQEM3VC" failures="0" tests="2" name="Automation" time="93.665" errors="0" timestamp="2024-04-19T23:20:13 EDT">
  <testcase classname="ebrahim.hossain.sqa.tests.LoginTest" name="@BeforeClass openUrl" time="30.633">
    <failure type="com.microsoft.playwright.TimeoutError" message="Error {
  message=&amp;apos;Timeout 30000ms exceeded.
=========================== logs ===========================
navigating to &amp;quot;https://www.tutorialspoint.com/selenium/practice/login.php&amp;quot;, waiting until &amp;quot;load&amp;quot;
============================================================
  name=&amp;apos;TimeoutError
  stack=&amp;apos;TimeoutError: Timeout 30000ms exceeded.
=========================== logs ===========================
navigating to &amp;quot;https://www.tutorialspoint.com/selenium/practice/login.php&amp;quot;, waiting until &amp;quot;load&amp;quot;
============================================================
    at ProgressController.run (C:\Users\Asus\AppData\Local\Temp\playwright-java-7226442511536948736\package\lib\server\progress.js:88:26)
    at Frame.goto (C:\Users\Asus\AppData\Local\Temp\playwright-java-7226442511536948736\package\lib\server\frames.js:516:23)
    at FrameDispatcher.goto (C:\Users\Asus\AppData\Local\Temp\playwright-java-7226442511536948736\package\lib\server\dispatchers\frameDispatcher.js:78:119)
    at DispatcherConnection.dispatch (C:\Users\Asus\AppData\Local\Temp\playwright-java-7226442511536948736\package\lib\server\dispatchers\dispatcher.js:313:46)
}">
      <![CDATA[com.microsoft.playwright.TimeoutError: Error {
  message='Timeout 30000ms exceeded.
=========================== logs ===========================
navigating to "https://www.tutorialspoint.com/selenium/practice/login.php", waiting until "load"
============================================================
  name='TimeoutError
  stack='TimeoutError: Timeout 30000ms exceeded.
=========================== logs ===========================
navigating to "https://www.tutorialspoint.com/selenium/practice/login.php", waiting until "load"
============================================================
    at ProgressController.run (C:\Users\Asus\AppData\Local\Temp\playwright-java-7226442511536948736\package\lib\server\progress.js:88:26)
    at Frame.goto (C:\Users\Asus\AppData\Local\Temp\playwright-java-7226442511536948736\package\lib\server\frames.js:516:23)
    at FrameDispatcher.goto (C:\Users\Asus\AppData\Local\Temp\playwright-java-7226442511536948736\package\lib\server\dispatchers\frameDispatcher.js:78:119)
    at DispatcherConnection.dispatch (C:\Users\Asus\AppData\Local\Temp\playwright-java-7226442511536948736\package\lib\server\dispatchers\dispatcher.js:313:46)
}
at com.microsoft.playwright.impl.WaitableResult.get(WaitableResult.java:52)
at com.microsoft.playwright.impl.ChannelOwner.runUntil(ChannelOwner.java:111)
at com.microsoft.playwright.impl.Connection.sendMessage(Connection.java:126)
at com.microsoft.playwright.impl.ChannelOwner.sendMessage(ChannelOwner.java:102)
at com.microsoft.playwright.impl.FrameImpl.navigateImpl(FrameImpl.java:463)
at com.microsoft.playwright.impl.PageImpl.lambda$navigate$45(PageImpl.java:827)
at com.microsoft.playwright.impl.LoggingSupport.withLogging(LoggingSupport.java:47)
at com.microsoft.playwright.impl.ChannelOwner.withLogging(ChannelOwner.java:87)
at com.microsoft.playwright.impl.PageImpl.navigate(PageImpl.java:827)
at com.microsoft.playwright.impl.PageImpl.navigate(PageImpl.java:42)
at ebrahim.hossain.sqa.basedriver.BaseDriver.launchApplication(BaseDriver.java:40)
at ebrahim.hossain.sqa.tests.LoginTest.openUrl(LoginTest.java:29)
at java.base/java.util.ArrayList.forEach(ArrayList.java:1541)
Caused by: com.microsoft.playwright.TimeoutError: Error {
  message='Timeout 30000ms exceeded.
=========================== logs ===========================
navigating to "https://www.tutorialspoint.com/selenium/practice/login.php", waiting until "load"
============================================================
  name='TimeoutError
  stack='TimeoutError: Timeout 30000ms exceeded.
=========================== logs ===========================
navigating to "https://www.tutorialspoint.com/selenium/practice/login.php", waiting until "load"
============================================================
    at ProgressController.run (C:\Users\Asus\AppData\Local\Temp\playwright-java-7226442511536948736\package\lib\server\progress.js:88:26)
    at Frame.goto (C:\Users\Asus\AppData\Local\Temp\playwright-java-7226442511536948736\package\lib\server\frames.js:516:23)
    at FrameDispatcher.goto (C:\Users\Asus\AppData\Local\Temp\playwright-java-7226442511536948736\package\lib\server\dispatchers\frameDispatcher.js:78:119)
    at DispatcherConnection.dispatch (C:\Users\Asus\AppData\Local\Temp\playwright-java-7226442511536948736\package\lib\server\dispatchers\dispatcher.js:313:46)
}
at com.microsoft.playwright.impl.Connection.dispatch(Connection.java:224)
at com.microsoft.playwright.impl.Connection.processOneMessage(Connection.java:206)
at com.microsoft.playwright.impl.ChannelOwner.runUntil(ChannelOwner.java:109)
... 36 more
... Removed 25 stack frames]]>
    </failure>
  </testcase> <!-- @BeforeClass openUrl -->
  <testcase classname="ebrahim.hossain.sqa.tests.LoginTest" name="@AfterClass afterClass" time="0.0">
    <skipped/>
  </testcase> <!-- @AfterClass afterClass -->
  <testcase classname="ebrahim.hossain.sqa.tests.RegistrationTest" name="registrationTest" time="41.816"/>
  <testcase classname="ebrahim.hossain.sqa.tests.LoginTest" name="loginTest" time="0.0">
    <skipped/>
  </testcase> <!-- loginTest -->
</testsuite> <!-- Automation -->
