<?xml version="1.0" encoding="UTF-8"?>
<testng-results ignored="0" total="1" passed="1" failed="0" skipped="0">
  <reporter-output>
  </reporter-output>
  <suite started-at="2024-04-27T11:51:11 EDT" name="Default suite" finished-at="2024-04-27T11:51:32 EDT" duration-ms="20784">
    <groups>
    </groups>
    <test started-at="2024-04-27T11:51:11 EDT" name="Default test" finished-at="2024-04-27T11:51:32 EDT" duration-ms="20784">
      <class name="ebrahim.hossain.sqa.tests.RegistrationTest">
        <test-method is-config="true" signature="openUrl(java.lang.String,java.lang.String,java.lang.String)[pri:0, instance:ebrahim.hossain.sqa.tests.RegistrationTest@248e319b]" started-at="2024-04-27T11:51:11 EDT" name="openUrl" finished-at="2024-04-27T11:51:23 EDT" duration-ms="12033" status="PASS">
          <params>
            <param index="0">
              <value>
                <![CDATA[https://www.tutorialspoint.com/selenium/practice/register.php]]>
              </value>
            </param>
            <param index="1">
              <value>
                <![CDATA[chrome]]>
              </value>
            </param>
            <param index="2">
              <value>
                <![CDATA[false]]>
              </value>
            </param>
          </params>
          <reporter-output>
          </reporter-output>
        </test-method> <!-- openUrl -->
        <test-method signature="registrationTest()[pri:0, instance:ebrahim.hossain.sqa.tests.RegistrationTest@248e319b]" started-at="2024-04-27T11:51:23 EDT" name="registrationTest" finished-at="2024-04-27T11:51:31 EDT" duration-ms="8124" status="PASS">
          <reporter-output>
          </reporter-output>
        </test-method> <!-- registrationTest -->
        <test-method is-config="true" signature="afterClass()[pri:0, instance:ebrahim.hossain.sqa.tests.RegistrationTest@248e319b]" started-at="2024-04-27T11:51:31 EDT" name="afterClass" finished-at="2024-04-27T11:51:32 EDT" duration-ms="566" status="PASS">
          <reporter-output>
          </reporter-output>
        </test-method> <!-- afterClass -->
      </class> <!-- ebrahim.hossain.sqa.tests.RegistrationTest -->
    </test> <!-- Default test -->
  </suite> <!-- Default suite -->
</testng-results>
